[10-Mar-2025 22:07:11 UTC] PHP Parse error:  syntax error, unexpected token "}", expecting ";" or "{" in C:\repos\Laracasts\pixel-positions\app\Models\User.php on line 51
[10-Mar-2025 22:08:43 UTC] PHP Parse error:  syntax error, unexpected token "}", expecting ";" in C:\repos\Laracasts\pixel-positions\app\Models\Job.php on line 16
[10-Mar-2025 22:08:48 UTC] PHP Parse error:  syntax error, unexpected token "}", expecting ";" in C:\repos\Laracasts\pixel-positions\app\Models\Job.php on line 16
[10-Mar-2025 22:09:37 UTC] PHP Parse error:  syntax error, unexpected token "}", expecting ";" in C:\repos\Laracasts\pixel-positions\app\Models\Employer.php on line 22
[10-Mar-2025 22:09:47 UTC] PHP Parse error:  syntax error, unexpected token "}", expecting ";" in C:\repos\Laracasts\pixel-positions\app\Models\Employer.php on line 22
[10-Mar-2025 22:09:48 UTC] PHP Parse error:  syntax error, unexpected token "}", expecting ";" in C:\repos\Laracasts\pixel-positions\app\Models\Employer.php on line 22
[10-Mar-2025 22:09:56 UTC] PHP Parse error:  syntax error, unexpected token "}", expecting ";" in C:\repos\Laracasts\pixel-positions\app\Models\Employer.php on line 22
[10-Mar-2025 22:10:16 UTC] PHP Parse error:  syntax error, unexpected token "}", expecting identifier or variable or "{" or "$" in C:\repos\Laracasts\pixel-positions\app\Models\Employer.php on line 22
[10-Mar-2025 22:10:22 UTC] PHP Parse error:  syntax error, unexpected token "}", expecting ";" in C:\repos\Laracasts\pixel-positions\app\Models\Employer.php on line 22
[15-Mar-2025 14:16:50 UTC] PHP Warning:  Failed loading Zend extension 'xdebug' (tried: ext\xdebug (Das angegebene Modul wurde nicht gefunden), ext\php_xdebug.dll (Das angegebene Modul wurde nicht gefunden)) in Unknown on line 0
[15-Mar-2025 14:16:50 UTC] PHP Warning:  Failed loading Zend extension 'xdebug' (tried: ext\xdebug (Das angegebene Modul wurde nicht gefunden), ext\php_xdebug.dll (Das angegebene Modul wurde nicht gefunden)) in Unknown on line 0
[15-Mar-2025 14:17:50 UTC] PHP Warning:  Failed loading Zend extension 'xdebug' (tried: ext\xdebug (Das angegebene Modul wurde nicht gefunden), ext\php_xdebug.dll (Das angegebene Modul wurde nicht gefunden)) in Unknown on line 0
[15-Mar-2025 14:17:50 UTC] PHP Warning:  Failed loading Zend extension 'xdebug' (tried: ext\xdebug (Das angegebene Modul wurde nicht gefunden), ext\php_xdebug.dll (Das angegebene Modul wurde nicht gefunden)) in Unknown on line 0
[15-Mar-2025 14:18:50 UTC] PHP Warning:  Failed loading Zend extension 'xdebug' (tried: ext\xdebug (Das angegebene Modul wurde nicht gefunden), ext\php_xdebug.dll (Das angegebene Modul wurde nicht gefunden)) in Unknown on line 0
[15-Mar-2025 14:18:50 UTC] PHP Warning:  Failed loading Zend extension 'xdebug' (tried: ext\xdebug (Das angegebene Modul wurde nicht gefunden), ext\php_xdebug.dll (Das angegebene Modul wurde nicht gefunden)) in Unknown on line 0
[15-Mar-2025 14:19:01 UTC] PHP Warning:  Failed loading Zend extension 'xdebug' (tried: ext\xdebug (Das angegebene Modul wurde nicht gefunden), ext\php_xdebug.dll (Das angegebene Modul wurde nicht gefunden)) in Unknown on line 0
[15-Mar-2025 14:19:50 UTC] PHP Warning:  Failed loading Zend extension 'xdebug' (tried: ext\xdebug (Das angegebene Modul wurde nicht gefunden), ext\php_xdebug.dll (Das angegebene Modul wurde nicht gefunden)) in Unknown on line 0
[15-Mar-2025 14:19:50 UTC] PHP Warning:  Failed loading Zend extension 'xdebug' (tried: ext\xdebug (Das angegebene Modul wurde nicht gefunden), ext\php_xdebug.dll (Das angegebene Modul wurde nicht gefunden)) in Unknown on line 0
[15-Mar-2025 14:19:53 UTC] PHP Warning:  Failed loading Zend extension 'xdebug' (tried: ext\xdebug (Das angegebene Modul wurde nicht gefunden), ext\php_xdebug.dll (Das angegebene Modul wurde nicht gefunden)) in Unknown on line 0
[15-Mar-2025 14:20:50 UTC] PHP Warning:  Failed loading Zend extension 'xdebug' (tried: ext\xdebug (Das angegebene Modul wurde nicht gefunden), ext\php_xdebug.dll (Das angegebene Modul wurde nicht gefunden)) in Unknown on line 0
[15-Mar-2025 14:20:50 UTC] PHP Warning:  Failed loading Zend extension 'xdebug' (tried: ext\xdebug (Das angegebene Modul wurde nicht gefunden), ext\php_xdebug.dll (Das angegebene Modul wurde nicht gefunden)) in Unknown on line 0
[15-Mar-2025 14:20:52 UTC] PHP Warning:  Failed loading Zend extension 'xdebug' (tried: ext\xdebug (Das angegebene Modul wurde nicht gefunden), ext\php_xdebug.dll (Das angegebene Modul wurde nicht gefunden)) in Unknown on line 0
[15-Mar-2025 14:20:53 UTC] PHP Warning:  Failed loading Zend extension 'xdebug' (tried: ext\xdebug (Das angegebene Modul wurde nicht gefunden), ext\php_xdebug.dll (Das angegebene Modul wurde nicht gefunden)) in Unknown on line 0
[15-Mar-2025 14:21:50 UTC] PHP Warning:  Failed loading Zend extension 'xdebug' (tried: ext\xdebug (Das angegebene Modul wurde nicht gefunden), ext\php_xdebug.dll (Das angegebene Modul wurde nicht gefunden)) in Unknown on line 0
[15-Mar-2025 14:21:50 UTC] PHP Warning:  Failed loading Zend extension 'xdebug' (tried: ext\xdebug (Das angegebene Modul wurde nicht gefunden), ext\php_xdebug.dll (Das angegebene Modul wurde nicht gefunden)) in Unknown on line 0
[15-Mar-2025 14:22:50 UTC] PHP Warning:  Failed loading Zend extension 'xdebug' (tried: ext\xdebug (Das angegebene Modul wurde nicht gefunden), ext\php_xdebug.dll (Das angegebene Modul wurde nicht gefunden)) in Unknown on line 0
[15-Mar-2025 14:22:50 UTC] PHP Warning:  Failed loading Zend extension 'xdebug' (tried: ext\xdebug (Das angegebene Modul wurde nicht gefunden), ext\php_xdebug.dll (Das angegebene Modul wurde nicht gefunden)) in Unknown on line 0
[15-Mar-2025 14:23:28 UTC] PHP Warning:  Failed loading Zend extension 'xdebug' (tried: ext\xdebug (Das angegebene Modul wurde nicht gefunden), ext\php_xdebug.dll (Das angegebene Modul wurde nicht gefunden)) in Unknown on line 0
[15-Mar-2025 14:23:33 UTC] PHP Warning:  Failed loading Zend extension 'xdebug' (tried: ext\xdebug (Das angegebene Modul wurde nicht gefunden), ext\php_xdebug.dll (Das angegebene Modul wurde nicht gefunden)) in Unknown on line 0
[15-Mar-2025 14:23:34 UTC] PHP Warning:  Failed loading Zend extension 'xdebug' (tried: ext\xdebug (Das angegebene Modul wurde nicht gefunden), ext\php_xdebug.dll (Das angegebene Modul wurde nicht gefunden)) in Unknown on line 0
[15-Mar-2025 14:23:43 UTC] PHP Warning:  Failed loading Zend extension 'xdebug' (tried: ext\xdebug (Das angegebene Modul wurde nicht gefunden), ext\php_xdebug.dll (Das angegebene Modul wurde nicht gefunden)) in Unknown on line 0
[15-Mar-2025 14:23:50 UTC] PHP Warning:  Failed loading Zend extension 'xdebug' (tried: ext\xdebug (Das angegebene Modul wurde nicht gefunden), ext\php_xdebug.dll (Das angegebene Modul wurde nicht gefunden)) in Unknown on line 0
[15-Mar-2025 14:23:50 UTC] PHP Warning:  Failed loading Zend extension 'xdebug' (tried: ext\xdebug (Das angegebene Modul wurde nicht gefunden), ext\php_xdebug.dll (Das angegebene Modul wurde nicht gefunden)) in Unknown on line 0
[15-Mar-2025 14:24:09 UTC] PHP Warning:  Failed loading Zend extension 'xdebug' (tried: ext\xdebug (Das angegebene Modul wurde nicht gefunden), ext\php_xdebug.dll (Das angegebene Modul wurde nicht gefunden)) in Unknown on line 0
[15-Mar-2025 14:24:12 UTC] PHP Warning:  Failed loading Zend extension 'xdebug' (tried: ext\xdebug (Das angegebene Modul wurde nicht gefunden), ext\php_xdebug.dll (Das angegebene Modul wurde nicht gefunden)) in Unknown on line 0
[15-Mar-2025 14:24:50 UTC] PHP Warning:  Failed loading Zend extension 'xdebug' (tried: ext\xdebug (Das angegebene Modul wurde nicht gefunden), ext\php_xdebug.dll (Das angegebene Modul wurde nicht gefunden)) in Unknown on line 0
[15-Mar-2025 14:24:50 UTC] PHP Warning:  Failed loading Zend extension 'xdebug' (tried: ext\xdebug (Das angegebene Modul wurde nicht gefunden), ext\php_xdebug.dll (Das angegebene Modul wurde nicht gefunden)) in Unknown on line 0
[15-Mar-2025 14:25:50 UTC] PHP Warning:  Failed loading Zend extension 'xdebug' (tried: ext\xdebug (Das angegebene Modul wurde nicht gefunden), ext\php_xdebug.dll (Das angegebene Modul wurde nicht gefunden)) in Unknown on line 0
[15-Mar-2025 14:25:50 UTC] PHP Warning:  Failed loading Zend extension 'xdebug' (tried: ext\xdebug (Das angegebene Modul wurde nicht gefunden), ext\php_xdebug.dll (Das angegebene Modul wurde nicht gefunden)) in Unknown on line 0
[15-Mar-2025 14:26:50 UTC] PHP Warning:  Failed loading Zend extension 'xdebug' (tried: ext\xdebug (Das angegebene Modul wurde nicht gefunden), ext\php_xdebug.dll (Das angegebene Modul wurde nicht gefunden)) in Unknown on line 0
[15-Mar-2025 14:26:50 UTC] PHP Warning:  Failed loading Zend extension 'xdebug' (tried: ext\xdebug (Das angegebene Modul wurde nicht gefunden), ext\php_xdebug.dll (Das angegebene Modul wurde nicht gefunden)) in Unknown on line 0
[15-Mar-2025 14:27:50 UTC] PHP Warning:  Failed loading Zend extension 'xdebug' (tried: ext\xdebug (Das angegebene Modul wurde nicht gefunden), ext\php_xdebug.dll (Das angegebene Modul wurde nicht gefunden)) in Unknown on line 0
[15-Mar-2025 14:27:50 UTC] PHP Warning:  Failed loading Zend extension 'xdebug' (tried: ext\xdebug (Das angegebene Modul wurde nicht gefunden), ext\php_xdebug.dll (Das angegebene Modul wurde nicht gefunden)) in Unknown on line 0
[15-Mar-2025 14:28:50 UTC] PHP Warning:  Failed loading Zend extension 'xdebug' (tried: ext\xdebug (Das angegebene Modul wurde nicht gefunden), ext\php_xdebug.dll (Das angegebene Modul wurde nicht gefunden)) in Unknown on line 0
[15-Mar-2025 14:28:50 UTC] PHP Warning:  Failed loading Zend extension 'xdebug' (tried: ext\xdebug (Das angegebene Modul wurde nicht gefunden), ext\php_xdebug.dll (Das angegebene Modul wurde nicht gefunden)) in Unknown on line 0
[15-Mar-2025 14:29:01 UTC] PHP Warning:  Failed loading Zend extension 'xdebug' (tried: ext\xdebug (Das angegebene Modul wurde nicht gefunden), ext\php_xdebug.dll (Das angegebene Modul wurde nicht gefunden)) in Unknown on line 0
[15-Mar-2025 14:29:50 UTC] PHP Warning:  Failed loading Zend extension 'xdebug' (tried: ext\xdebug (Das angegebene Modul wurde nicht gefunden), ext\php_xdebug.dll (Das angegebene Modul wurde nicht gefunden)) in Unknown on line 0
[15-Mar-2025 14:29:50 UTC] PHP Warning:  Failed loading Zend extension 'xdebug' (tried: ext\xdebug (Das angegebene Modul wurde nicht gefunden), ext\php_xdebug.dll (Das angegebene Modul wurde nicht gefunden)) in Unknown on line 0
[15-Mar-2025 14:30:50 UTC] PHP Warning:  Failed loading Zend extension 'xdebug' (tried: ext\xdebug (Das angegebene Modul wurde nicht gefunden), ext\php_xdebug.dll (Das angegebene Modul wurde nicht gefunden)) in Unknown on line 0
[15-Mar-2025 14:30:50 UTC] PHP Warning:  Failed loading Zend extension 'xdebug' (tried: ext\xdebug (Das angegebene Modul wurde nicht gefunden), ext\php_xdebug.dll (Das angegebene Modul wurde nicht gefunden)) in Unknown on line 0
[15-Mar-2025 14:31:50 UTC] PHP Warning:  Failed loading Zend extension 'xdebug' (tried: ext\xdebug (Das angegebene Modul wurde nicht gefunden), ext\php_xdebug.dll (Das angegebene Modul wurde nicht gefunden)) in Unknown on line 0
[15-Mar-2025 14:31:50 UTC] PHP Warning:  Failed loading Zend extension 'xdebug' (tried: ext\xdebug (Das angegebene Modul wurde nicht gefunden), ext\php_xdebug.dll (Das angegebene Modul wurde nicht gefunden)) in Unknown on line 0
[15-Mar-2025 14:32:50 UTC] PHP Warning:  Failed loading Zend extension 'xdebug' (tried: ext\xdebug (Das angegebene Modul wurde nicht gefunden), ext\php_xdebug.dll (Das angegebene Modul wurde nicht gefunden)) in Unknown on line 0
[15-Mar-2025 14:32:50 UTC] PHP Warning:  Failed loading Zend extension 'xdebug' (tried: ext\xdebug (Das angegebene Modul wurde nicht gefunden), ext\php_xdebug.dll (Das angegebene Modul wurde nicht gefunden)) in Unknown on line 0
[15-Mar-2025 14:33:50 UTC] PHP Warning:  Failed loading Zend extension 'xdebug' (tried: ext\xdebug (Das angegebene Modul wurde nicht gefunden), ext\php_xdebug.dll (Das angegebene Modul wurde nicht gefunden)) in Unknown on line 0
[15-Mar-2025 14:33:50 UTC] PHP Warning:  Failed loading Zend extension 'xdebug' (tried: ext\xdebug (Das angegebene Modul wurde nicht gefunden), ext\php_xdebug.dll (Das angegebene Modul wurde nicht gefunden)) in Unknown on line 0
[15-Mar-2025 14:34:50 UTC] PHP Warning:  Failed loading Zend extension 'xdebug' (tried: ext\xdebug (Das angegebene Modul wurde nicht gefunden), ext\php_xdebug.dll (Das angegebene Modul wurde nicht gefunden)) in Unknown on line 0
[15-Mar-2025 14:34:50 UTC] PHP Warning:  Failed loading Zend extension 'xdebug' (tried: ext\xdebug (Das angegebene Modul wurde nicht gefunden), ext\php_xdebug.dll (Das angegebene Modul wurde nicht gefunden)) in Unknown on line 0
[15-Mar-2025 14:35:50 UTC] PHP Warning:  Failed loading Zend extension 'xdebug' (tried: ext\xdebug (Das angegebene Modul wurde nicht gefunden), ext\php_xdebug.dll (Das angegebene Modul wurde nicht gefunden)) in Unknown on line 0
[15-Mar-2025 14:35:50 UTC] PHP Warning:  Failed loading Zend extension 'xdebug' (tried: ext\xdebug (Das angegebene Modul wurde nicht gefunden), ext\php_xdebug.dll (Das angegebene Modul wurde nicht gefunden)) in Unknown on line 0
